<?xml version="1.0" encoding="UTF-8"?>
<testng-results ignored="0" total="1" passed="1" failed="0" skipped="0">
  <reporter-output>
  </reporter-output>
  <suite started-at="2022-04-09T17:26:21 IST" name="Default suite" finished-at="2022-04-09T17:27:26 IST" duration-ms="65665">
    <groups>
    </groups>
    <test started-at="2022-04-09T17:26:21 IST" name="Default test" finished-at="2022-04-09T17:27:26 IST" duration-ms="65665">
      <class name="testCase001">
        <test-method is-config="true" signature="before_method()[pri:0, instance:testCase001@434a63ab]" started-at="2022-04-09T17:26:21 IST" name="before_method" finished-at="2022-04-09T17:26:28 IST" duration-ms="7507" status="PASS">
          <reporter-output>
          </reporter-output>
        </test-method> <!-- before_method -->
        <test-method signature="verifyInputPage()[pri:0, instance:testCase001@434a63ab]" started-at="2022-04-09T17:26:28 IST" name="verifyInputPage" finished-at="2022-04-09T17:27:26 IST" duration-ms="58116" status="PASS">
          <reporter-output>
          </reporter-output>
        </test-method> <!-- verifyInputPage -->
      </class> <!-- testCase001 -->
    </test> <!-- Default test -->
  </suite> <!-- Default suite -->
</testng-results>
